<?xml version="1.0" encoding="UTF-8"?>
<testsuite xmlns:xsi="http://www.w3.org/2001/XMLSchema-instance" xsi:noNamespaceSchemaLocation="https://maven.apache.org/surefire/maven-surefire-plugin/xsd/surefire-test-report-3.0.xsd" version="3.0" name="com.mjh.codesandbox.CodeSandboxApplicationTests" time="2.721" tests="1" errors="0" skipped="0" failures="0">
  <properties>
[...]
</properties>
  <testcase name="contextLoads" classname="com.mjh.codesandbox.CodeSandboxApplicationTests" time="0.301">
    <system-out><![CDATA[21:47:00.003 [main] DEBUG org.springframework.test.context.BootstrapUtils - Instantiating CacheAwareContextLoaderDelegate from class [org.springframework.test.context.cache.DefaultCacheAwareContextLoaderDelegate]
21:47:00.015 [main] DEBUG org.springframework.test.context.BootstrapUtils - Instantiating BootstrapContext using constructor [public org.springframework.test.context.support.DefaultBootstrapContext(java.lang.Class,org.springframework.test.context.CacheAwareContextLoaderDelegate)]
21:47:00.078 [main] DEBUG org.springframework.test.context.BootstrapUtils - Instantiating TestContextBootstrapper for test class [com.mjh.codesandbox.CodeSandboxApplicationTests] from class [org.springframework.boot.test.context.SpringBootTestContextBootstrapper]
21:47:00.099 [main] INFO org.springframework.boot.test.context.SpringBootTestContextBootstrapper - Neither @ContextConfiguration nor @ContextHierarchy found for test class [com.mjh.codesandbox.CodeSandboxApplicationTests], using SpringBootContextLoader
21:47:00.103 [main] DEBUG org.springframework.test.context.support.AbstractContextLoader - Did not detect default resource location for test class [com.mjh.codesandbox.CodeSandboxApplicationTests]: class path resource [com/mjh/codesandbox/CodeSandboxApplicationTests-context.xml] does not exist
21:47:00.104 [main] DEBUG org.springframework.test.context.support.AbstractContextLoader - Did not detect default resource location for test class [com.mjh.codesandbox.CodeSandboxApplicationTests]: class path resource [com/mjh/codesandbox/CodeSandboxApplicationTestsContext.groovy] does not exist
21:47:00.104 [main] INFO org.springframework.test.context.support.AbstractContextLoader - Could not detect default resource locations for test class [com.mjh.codesandbox.CodeSandboxApplicationTests]: no resource found for suffixes {-context.xml, Context.groovy}.
21:47:00.104 [main] INFO org.springframework.test.context.support.AnnotationConfigContextLoaderUtils - Could not detect default configuration classes for test class [com.mjh.codesandbox.CodeSandboxApplicationTests]: CodeSandboxApplicationTests does not declare any static, non-private, non-final, nested classes annotated with @Configuration.
21:47:00.175 [main] DEBUG org.springframework.test.context.support.ActiveProfilesUtils - Could not find an 'annotation declaring class' for annotation type [org.springframework.test.context.ActiveProfiles] and class [com.mjh.codesandbox.CodeSandboxApplicationTests]
21:47:00.289 [main] DEBUG org.springframework.context.annotation.ClassPathScanningCandidateComponentProvider - Identified candidate component class: file [D:\JavaCode\Yupi\OJ\CodeSandbox\target\classes\com\mjh\codesandbox\CodeSandboxApplication.class]
21:47:00.291 [main] INFO org.springframework.boot.test.context.SpringBootTestContextBootstrapper - Found @SpringBootConfiguration com.mjh.codesandbox.CodeSandboxApplication for test class com.mjh.codesandbox.CodeSandboxApplicationTests
21:47:00.422 [main] DEBUG org.springframework.boot.test.context.SpringBootTestContextBootstrapper - @TestExecutionListeners is not present for class [com.mjh.codesandbox.CodeSandboxApplicationTests]: using defaults.
21:47:00.423 [main] INFO org.springframework.boot.test.context.SpringBootTestContextBootstrapper - Loaded default TestExecutionListener class names from location [META-INF/spring.factories]: [org.springframework.boot.test.mock.mockito.MockitoTestExecutionListener, org.springframework.boot.test.mock.mockito.ResetMocksTestExecutionListener, org.springframework.boot.test.autoconfigure.restdocs.RestDocsTestExecutionListener, org.springframework.boot.test.autoconfigure.web.client.MockRestServiceServerResetTestExecutionListener, org.springframework.boot.test.autoconfigure.web.servlet.MockMvcPrintOnlyOnFailureTestExecutionListener, org.springframework.boot.test.autoconfigure.web.servlet.WebDriverTestExecutionListener, org.springframework.boot.test.autoconfigure.webservices.client.MockWebServiceServerTestExecutionListener, org.springframework.test.context.web.ServletTestExecutionListener, org.springframework.test.context.support.DirtiesContextBeforeModesTestExecutionListener, org.springframework.test.context.event.ApplicationEventsTestExecutionListener, org.springframework.test.context.support.DependencyInjectionTestExecutionListener, org.springframework.test.context.support.DirtiesContextTestExecutionListener, org.springframework.test.context.transaction.TransactionalTestExecutionListener, org.springframework.test.context.jdbc.SqlScriptsTestExecutionListener, org.springframework.test.context.event.EventPublishingTestExecutionListener]
21:47:00.452 [main] DEBUG org.springframework.boot.test.context.SpringBootTestContextBootstrapper - Skipping candidate TestExecutionListener [org.springframework.test.context.transaction.TransactionalTestExecutionListener] due to a missing dependency. Specify custom listener classes or make the default listener classes and their required dependencies available. Offending class: [org/springframework/transaction/interceptor/TransactionAttributeSource]
21:47:00.454 [main] DEBUG org.springframework.boot.test.context.SpringBootTestContextBootstrapper - Skipping candidate TestExecutionListener [org.springframework.test.context.jdbc.SqlScriptsTestExecutionListener] due to a missing dependency. Specify custom listener classes or make the default listener classes and their required dependencies available. Offending class: [org/springframework/transaction/interceptor/TransactionAttribute]
21:47:00.455 [main] INFO org.springframework.boot.test.context.SpringBootTestContextBootstrapper - Using TestExecutionListeners: [org.springframework.test.context.web.ServletTestExecutionListener@23941fb4, org.springframework.test.context.support.DirtiesContextBeforeModesTestExecutionListener@7486b455, org.springframework.test.context.event.ApplicationEventsTestExecutionListener@660acfb, org.springframework.boot.test.mock.mockito.MockitoTestExecutionListener@5d908d47, org.springframework.boot.test.autoconfigure.SpringBootDependencyInjectionTestExecutionListener@5efa40fe, org.springframework.test.context.support.DirtiesContextTestExecutionListener@1f9f6368, org.springframework.test.context.event.EventPublishingTestExecutionListener@1c9b0314, org.springframework.boot.test.mock.mockito.ResetMocksTestExecutionListener@45385f75, org.springframework.boot.test.autoconfigure.restdocs.RestDocsTestExecutionListener@49c90a9c, org.springframework.boot.test.autoconfigure.web.client.MockRestServiceServerResetTestExecutionListener@2d29b4ee, org.springframework.boot.test.autoconfigure.web.servlet.MockMvcPrintOnlyOnFailureTestExecutionListener@69ee81fc, org.springframework.boot.test.autoconfigure.web.servlet.WebDriverTestExecutionListener@6e2aa843, org.springframework.boot.test.autoconfigure.webservices.client.MockWebServiceServerTestExecutionListener@6f36c2f0]
21:47:00.464 [main] DEBUG org.springframework.test.context.support.AbstractDirtiesContextTestExecutionListener - Before test class: context [DefaultTestContext@642a7222 testClass = CodeSandboxApplicationTests, testInstance = [null], testMethod = [null], testException = [null], mergedContextConfiguration = [WebMergedContextConfiguration@7d322cad testClass = CodeSandboxApplicationTests, locations = '{}', classes = '{class com.mjh.codesandbox.CodeSandboxApplication}', contextInitializerClasses = '[]', activeProfiles = '{}', propertySourceLocations = '{}', propertySourceProperties = '{org.springframework.boot.test.context.SpringBootTestContextBootstrapper=true}', contextCustomizers = set[org.springframework.boot.test.context.filter.ExcludeFilterContextCustomizer@26794848, org.springframework.boot.test.json.DuplicateJsonObjectContextCustomizerFactory$DuplicateJsonObjectContextCustomizer@40005471, org.springframework.boot.test.mock.mockito.MockitoContextCustomizer@0, org.springframework.boot.test.web.client.TestRestTemplateContextCustomizer@fa4c865, org.springframework.boot.test.autoconfigure.actuate.metrics.MetricsExportContextCustomizerFactory$DisableMetricExportContextCustomizer@24313fcc, org.springframework.boot.test.autoconfigure.properties.PropertyMappingContextCustomizer@0, org.springframework.boot.test.autoconfigure.web.servlet.WebDriverContextCustomizerFactory$Customizer@6913c1fb, org.springframework.boot.test.context.SpringBootTestArgs@1, org.springframework.boot.test.context.SpringBootTestWebEnvironment@6737fd8f], resourceBasePath = 'src/main/webapp', contextLoader = 'org.springframework.boot.test.context.SpringBootContextLoader', parent = [null]], attributes = map['org.springframework.test.context.web.ServletTestExecutionListener.activateListener' -> true]], class annotated with @DirtiesContext [false] with mode [null].

  .   ____          _            __ _ _
 /\\ / ___'_ __ _ _(_)_ __  __ _ \ \ \ \
( ( )\___ | '_ | '_| | '_ \/ _` | \ \ \ \
 \\/  ___)| |_)| | | | | || (_| |  ) ) ) )
  '  |____| .__|_| |_|_| |_\__, | / / / /
 =========|_|==============|___/=/_/_/_/
 :: Spring Boot ::               (v2.6.13)

2025-03-12 21:47:00.830  INFO 12360 --- [           main] c.m.c.CodeSandboxApplicationTests        : Starting CodeSandboxApplicationTests using Java 1.8.0_422 on MaJiahui with PID 12360 (started by Ma Jiahui in D:\JavaCode\Yupi\OJ\CodeSandbox)
2025-03-12 21:47:00.831  INFO 12360 --- [           main] c.m.c.CodeSandboxApplicationTests        : No active profile set, falling back to 1 default profile: "default"
2025-03-12 21:47:02.069  INFO 12360 --- [           main] o.s.b.a.w.s.WelcomePageHandlerMapping    : Adding welcome page: class path resource [static/index.html]
2025-03-12 21:47:02.318  INFO 12360 --- [           main] c.m.c.CodeSandboxApplicationTests        : Started CodeSandboxApplicationTests in 1.797 seconds (JVM running for 3.194)
]]></system-out>
  </testcase>
</testsuite>